<?xml version="1.0" encoding="UTF-8"?>
<coverage generated="1681581579845" clover="3.2.0">
  <project timestamp="1681581579846" name="All files">
    <metrics statements="19" coveredstatements="19" conditionals="14" coveredconditionals="14" methods="4" coveredmethods="4" elements="37" coveredelements="37" complexity="0" loc="19" ncloc="19" packages="1" files="1" classes="1"/>
    <file name="index.js" path="/mnt/c/Users/MSI/Documents/шарага/frontend-project-46/src/index.js">
      <metrics statements="19" coveredstatements="19" conditionals="14" coveredconditionals="14" methods="4" coveredmethods="4"/>
      <line num="5" count="2" type="stmt"/>
      <line num="7" count="1" type="stmt"/>
      <line num="8" count="1" type="stmt"/>
      <line num="9" count="1" type="stmt"/>
      <line num="10" count="1" type="stmt"/>
      <line num="12" count="5" type="cond" truecount="4" falsecount="0"/>
      <line num="13" count="2" type="stmt"/>
      <line num="15" count="3" type="cond" truecount="4" falsecount="0"/>
      <line num="16" count="1" type="stmt"/>
      <line num="18" count="2" type="cond" truecount="2" falsecount="0"/>
      <line num="19" count="1" type="stmt"/>
      <line num="23" count="1" type="stmt"/>
      <line num="25" count="1" type="stmt"/>
      <line num="26" count="5" type="cond" truecount="4" falsecount="0"/>
      <line num="28" count="2" type="stmt"/>
      <line num="30" count="1" type="stmt"/>
      <line num="32" count="1" type="stmt"/>
      <line num="34" count="1" type="stmt"/>
      <line num="37" count="1" type="stmt"/>
    </file>
  </project>
</coverage>
