{"/mnt/c/Users/MSI/Documents/шарага/frontend-project-46/src/index.js": {"path":"/mnt/c/Users/MSI/Documents/шарага/frontend-project-46/src/index.js","statementMap":{"0":{"start":{"line":5,"column":16},"end":{"line":5,"column":120}},"1":{"start":{"line":5,"column":30},"end":{"line":5,"column":120}},"2":{"start":{"line":7,"column":16},"end":{"line":38,"column":1}},"3":{"start":{"line":8,"column":16},"end":{"line":8,"column":34}},"4":{"start":{"line":9,"column":16},"end":{"line":9,"column":34}},"5":{"start":{"line":10,"column":15},"end":{"line":24,"column":6}},"6":{"start":{"line":12,"column":6},"end":{"line":14,"column":7}},"7":{"start":{"line":13,"column":8},"end":{"line":13,"column":59}},"8":{"start":{"line":15,"column":6},"end":{"line":17,"column":7}},"9":{"start":{"line":16,"column":8},"end":{"line":16,"column":57}},"10":{"start":{"line":18,"column":6},"end":{"line":22,"column":7}},"11":{"start":{"line":19,"column":8},"end":{"line":21,"column":10}},"12":{"start":{"line":23,"column":6},"end":{"line":23,"column":61}},"13":{"start":{"line":25,"column":17},"end":{"line":36,"column":22}},"14":{"start":{"line":26,"column":4},"end":{"line":35,"column":5}},"15":{"start":{"line":28,"column":8},"end":{"line":28,"column":48}},"16":{"start":{"line":30,"column":8},"end":{"line":30,"column":48}},"17":{"start":{"line":32,"column":8},"end":{"line":32,"column":101}},"18":{"start":{"line":34,"column":8},"end":{"line":34,"column":48}},"19":{"start":{"line":37,"column":2},"end":{"line":37,"column":27}}},"fnMap":{"0":{"name":"(anonymous_0)","decl":{"start":{"line":5,"column":16},"end":{"line":5,"column":17}},"loc":{"start":{"line":5,"column":30},"end":{"line":5,"column":120}},"line":5},"1":{"name":"(anonymous_1)","decl":{"start":{"line":7,"column":16},"end":{"line":7,"column":17}},"loc":{"start":{"line":7,"column":42},"end":{"line":38,"column":1}},"line":7},"2":{"name":"(anonymous_2)","decl":{"start":{"line":11,"column":9},"end":{"line":11,"column":10}},"loc":{"start":{"line":11,"column":18},"end":{"line":24,"column":5}},"line":11},"3":{"name":"(anonymous_3)","decl":{"start":{"line":25,"column":26},"end":{"line":25,"column":27}},"loc":{"start":{"line":25,"column":36},"end":{"line":36,"column":3}},"line":25}},"branchMap":{"0":{"loc":{"start":{"line":12,"column":6},"end":{"line":14,"column":7}},"type":"if","locations":[{"start":{"line":12,"column":6},"end":{"line":14,"column":7}},{"start":{},"end":{}}],"line":12},"1":{"loc":{"start":{"line":12,"column":10},"end":{"line":12,"column":65}},"type":"binary-expr","locations":[{"start":{"line":12,"column":10},"end":{"line":12,"column":35}},{"start":{"line":12,"column":39},"end":{"line":12,"column":65}}],"line":12},"2":{"loc":{"start":{"line":15,"column":6},"end":{"line":17,"column":7}},"type":"if","locations":[{"start":{"line":15,"column":6},"end":{"line":17,"column":7}},{"start":{},"end":{}}],"line":15},"3":{"loc":{"start":{"line":15,"column":10},"end":{"line":15,"column":65}},"type":"binary-expr","locations":[{"start":{"line":15,"column":10},"end":{"line":15,"column":36}},{"start":{"line":15,"column":40},"end":{"line":15,"column":65}}],"line":15},"4":{"loc":{"start":{"line":18,"column":6},"end":{"line":22,"column":7}},"type":"if","locations":[{"start":{"line":18,"column":6},"end":{"line":22,"column":7}},{"start":{},"end":{}}],"line":18},"5":{"loc":{"start":{"line":26,"column":4},"end":{"line":35,"column":5}},"type":"switch","locations":[{"start":{"line":27,"column":6},"end":{"line":28,"column":48}},{"start":{"line":29,"column":6},"end":{"line":30,"column":48}},{"start":{"line":31,"column":6},"end":{"line":32,"column":101}},{"start":{"line":33,"column":6},"end":{"line":34,"column":48}}],"line":26}},"s":{"0":1,"1":2,"2":1,"3":1,"4":1,"5":1,"6":5,"7":2,"8":3,"9":1,"10":2,"11":1,"12":1,"13":1,"14":5,"15":2,"16":1,"17":1,"18":1,"19":1},"f":{"0":2,"1":1,"2":5,"3":5},"b":{"0":[2,3],"1":[5,4],"2":[1,2],"3":[3,1],"4":[1,1],"5":[2,1,1,1]},"_coverageSchema":"1a1c01bbd47fc00a2c39e90264f33305004495a9","hash":"cfd8494e7a3575cfcc1a65d8d06ccebd0c94f724"}
}
