{"/home/lenakolupaeva/Документы/шарага/frontend-project-46/src/buildAST.js": {"path":"/home/lenakolupaeva/Документы/шарага/frontend-project-46/src/buildAST.js","all":false,"statementMap":{"0":{"start":{"line":1,"column":0},"end":{"line":1,"column":41}},"1":{"start":{"line":2,"column":0},"end":{"line":2,"column":38}},"2":{"start":{"line":3,"column":0},"end":{"line":3,"column":23}},"3":{"start":{"line":4,"column":0},"end":{"line":4,"column":0}},"4":{"start":{"line":5,"column":0},"end":{"line":5,"column":41}},"5":{"start":{"line":6,"column":0},"end":{"line":6,"column":26}},"6":{"start":{"line":7,"column":0},"end":{"line":7,"column":12}},"7":{"start":{"line":8,"column":0},"end":{"line":8,"column":27}},"8":{"start":{"line":9,"column":0},"end":{"line":9,"column":27}},"9":{"start":{"line":10,"column":0},"end":{"line":10,"column":6}},"10":{"start":{"line":11,"column":0},"end":{"line":11,"column":3}},"11":{"start":{"line":12,"column":0},"end":{"line":12,"column":53}},"12":{"start":{"line":13,"column":0},"end":{"line":13,"column":19}},"13":{"start":{"line":14,"column":0},"end":{"line":14,"column":75}},"14":{"start":{"line":15,"column":0},"end":{"line":15,"column":63}},"15":{"start":{"line":16,"column":0},"end":{"line":16,"column":16}},"16":{"start":{"line":17,"column":0},"end":{"line":17,"column":40}},"17":{"start":{"line":18,"column":0},"end":{"line":18,"column":10}},"18":{"start":{"line":19,"column":0},"end":{"line":19,"column":7}},"19":{"start":{"line":20,"column":0},"end":{"line":20,"column":33}},"20":{"start":{"line":21,"column":0},"end":{"line":21,"column":61}},"21":{"start":{"line":22,"column":0},"end":{"line":22,"column":7}},"22":{"start":{"line":23,"column":0},"end":{"line":23,"column":33}},"23":{"start":{"line":24,"column":0},"end":{"line":24,"column":59}},"24":{"start":{"line":25,"column":0},"end":{"line":25,"column":7}},"25":{"start":{"line":26,"column":0},"end":{"line":26,"column":88}},"26":{"start":{"line":27,"column":0},"end":{"line":27,"column":16}},"27":{"start":{"line":28,"column":0},"end":{"line":28,"column":49}},"28":{"start":{"line":29,"column":0},"end":{"line":29,"column":10}},"29":{"start":{"line":30,"column":0},"end":{"line":30,"column":7}},"30":{"start":{"line":31,"column":0},"end":{"line":31,"column":55}},"31":{"start":{"line":32,"column":0},"end":{"line":32,"column":16}},"32":{"start":{"line":33,"column":0},"end":{"line":33,"column":79}},"33":{"start":{"line":34,"column":0},"end":{"line":34,"column":10}},"34":{"start":{"line":35,"column":0},"end":{"line":35,"column":7}},"35":{"start":{"line":36,"column":0},"end":{"line":36,"column":7}},"36":{"start":{"line":37,"column":0},"end":{"line":37,"column":23}},"37":{"start":{"line":38,"column":0},"end":{"line":38,"column":2}},"38":{"start":{"line":39,"column":0},"end":{"line":39,"column":0}},"39":{"start":{"line":40,"column":0},"end":{"line":40,"column":25}}},"s":{"0":1,"1":1,"2":1,"3":1,"4":1,"5":15,"6":15,"7":15,"8":15,"9":15,"10":15,"11":15,"12":15,"13":54,"14":12,"15":12,"16":12,"17":12,"18":12,"19":54,"20":6,"21":6,"22":54,"23":15,"24":15,"25":54,"26":9,"27":9,"28":9,"29":9,"30":54,"31":12,"32":12,"33":12,"34":12,"35":15,"36":15,"37":15,"38":1,"39":1},"branchMap":{"0":{"type":"branch","line":5,"loc":{"start":{"line":5,"column":18},"end":{"line":38,"column":2}},"locations":[{"start":{"line":5,"column":18},"end":{"line":38,"column":2}}]},"1":{"type":"branch","line":13,"loc":{"start":{"line":13,"column":10},"end":{"line":36,"column":5}},"locations":[{"start":{"line":13,"column":10},"end":{"line":36,"column":5}}]},"2":{"type":"branch","line":14,"loc":{"start":{"line":14,"column":39},"end":{"line":14,"column":72}},"locations":[{"start":{"line":14,"column":39},"end":{"line":14,"column":72}}]},"3":{"type":"branch","line":14,"loc":{"start":{"line":14,"column":74},"end":{"line":19,"column":7}},"locations":[{"start":{"line":14,"column":74},"end":{"line":19,"column":7}}]},"4":{"type":"branch","line":19,"loc":{"start":{"line":19,"column":6},"end":{"line":20,"column":32}},"locations":[{"start":{"line":19,"column":6},"end":{"line":20,"column":32}}]},"5":{"type":"branch","line":20,"loc":{"start":{"line":20,"column":32},"end":{"line":22,"column":7}},"locations":[{"start":{"line":20,"column":32},"end":{"line":22,"column":7}}]},"6":{"type":"branch","line":22,"loc":{"start":{"line":22,"column":6},"end":{"line":23,"column":32}},"locations":[{"start":{"line":22,"column":6},"end":{"line":23,"column":32}}]},"7":{"type":"branch","line":23,"loc":{"start":{"line":23,"column":32},"end":{"line":25,"column":7}},"locations":[{"start":{"line":23,"column":32},"end":{"line":25,"column":7}}]},"8":{"type":"branch","line":25,"loc":{"start":{"line":25,"column":6},"end":{"line":26,"column":52}},"locations":[{"start":{"line":25,"column":6},"end":{"line":26,"column":52}}]},"9":{"type":"branch","line":26,"loc":{"start":{"line":26,"column":52},"end":{"line":26,"column":85}},"locations":[{"start":{"line":26,"column":52},"end":{"line":26,"column":85}}]},"10":{"type":"branch","line":26,"loc":{"start":{"line":26,"column":87},"end":{"line":30,"column":7}},"locations":[{"start":{"line":26,"column":87},"end":{"line":30,"column":7}}]},"11":{"type":"branch","line":30,"loc":{"start":{"line":30,"column":6},"end":{"line":31,"column":52}},"locations":[{"start":{"line":30,"column":6},"end":{"line":31,"column":52}}]},"12":{"type":"branch","line":31,"loc":{"start":{"line":31,"column":54},"end":{"line":35,"column":7}},"locations":[{"start":{"line":31,"column":54},"end":{"line":35,"column":7}}]}},"b":{"0":[15],"1":[54],"2":[18],"3":[12],"4":[42],"5":[6],"6":[36],"7":[15],"8":[21],"9":[21],"10":[9],"11":[12],"12":[12]},"fnMap":{"0":{"name":"buildTree","decl":{"start":{"line":5,"column":18},"end":{"line":38,"column":2}},"loc":{"start":{"line":5,"column":18},"end":{"line":38,"column":2}},"line":5}},"f":{"0":15}}
,"/home/lenakolupaeva/Документы/шарага/frontend-project-46/src/index.js": {"path":"/home/lenakolupaeva/Документы/шарага/frontend-project-46/src/index.js","all":false,"statementMap":{"0":{"start":{"line":1,"column":0},"end":{"line":1,"column":38}},"1":{"start":{"line":2,"column":0},"end":{"line":2,"column":20}},"2":{"start":{"line":3,"column":0},"end":{"line":3,"column":24}},"3":{"start":{"line":4,"column":0},"end":{"line":4,"column":38}},"4":{"start":{"line":5,"column":0},"end":{"line":5,"column":33}},"5":{"start":{"line":6,"column":0},"end":{"line":6,"column":46}},"6":{"start":{"line":7,"column":0},"end":{"line":7,"column":0}},"7":{"start":{"line":8,"column":0},"end":{"line":8,"column":33}},"8":{"start":{"line":9,"column":0},"end":{"line":9,"column":42}},"9":{"start":{"line":10,"column":0},"end":{"line":10,"column":46}},"10":{"start":{"line":11,"column":0},"end":{"line":11,"column":16}},"11":{"start":{"line":12,"column":0},"end":{"line":12,"column":2}},"12":{"start":{"line":13,"column":0},"end":{"line":13,"column":0}},"13":{"start":{"line":14,"column":0},"end":{"line":14,"column":42}},"14":{"start":{"line":15,"column":0},"end":{"line":15,"column":37}},"15":{"start":{"line":16,"column":0},"end":{"line":16,"column":42}},"16":{"start":{"line":17,"column":0},"end":{"line":17,"column":92}},"17":{"start":{"line":18,"column":0},"end":{"line":18,"column":14}},"18":{"start":{"line":19,"column":0},"end":{"line":19,"column":2}},"19":{"start":{"line":20,"column":0},"end":{"line":20,"column":0}},"20":{"start":{"line":21,"column":0},"end":{"line":21,"column":63}},"21":{"start":{"line":22,"column":0},"end":{"line":22,"column":38}},"22":{"start":{"line":23,"column":0},"end":{"line":23,"column":38}},"23":{"start":{"line":24,"column":0},"end":{"line":24,"column":50}},"24":{"start":{"line":25,"column":0},"end":{"line":25,"column":2}},"25":{"start":{"line":26,"column":0},"end":{"line":26,"column":0}},"26":{"start":{"line":27,"column":0},"end":{"line":27,"column":23}}},"s":{"0":1,"1":1,"2":1,"3":1,"4":1,"5":1,"6":1,"7":1,"8":6,"9":6,"10":6,"11":6,"12":1,"13":1,"14":6,"15":6,"16":6,"17":6,"18":6,"19":1,"20":1,"21":3,"22":3,"23":3,"24":3,"25":1,"26":1},"branchMap":{"0":{"type":"branch","line":8,"loc":{"start":{"line":8,"column":19},"end":{"line":12,"column":2}},"locations":[{"start":{"line":8,"column":19},"end":{"line":12,"column":2}}]},"1":{"type":"branch","line":14,"loc":{"start":{"line":14,"column":28},"end":{"line":19,"column":2}},"locations":[{"start":{"line":14,"column":28},"end":{"line":19,"column":2}}]},"2":{"type":"branch","line":21,"loc":{"start":{"line":21,"column":16},"end":{"line":25,"column":2}},"locations":[{"start":{"line":21,"column":16},"end":{"line":25,"column":2}}]}},"b":{"0":[6],"1":[6],"2":[3]},"fnMap":{"0":{"name":"getFormat","decl":{"start":{"line":8,"column":19},"end":{"line":12,"column":2}},"loc":{"start":{"line":8,"column":19},"end":{"line":12,"column":2}},"line":8},"1":{"name":"getFileData","decl":{"start":{"line":14,"column":28},"end":{"line":19,"column":2}},"loc":{"start":{"line":14,"column":28},"end":{"line":19,"column":2}},"line":14},"2":{"name":"gendiff","decl":{"start":{"line":21,"column":16},"end":{"line":25,"column":2}},"loc":{"start":{"line":21,"column":16},"end":{"line":25,"column":2}},"line":21}},"f":{"0":6,"1":6,"2":3}}
,"/home/lenakolupaeva/Документы/шарага/frontend-project-46/src/parsers.js": {"path":"/home/lenakolupaeva/Документы/шарага/frontend-project-46/src/parsers.js","all":false,"statementMap":{"0":{"start":{"line":1,"column":0},"end":{"line":1,"column":54}},"1":{"start":{"line":2,"column":0},"end":{"line":2,"column":27}},"2":{"start":{"line":3,"column":0},"end":{"line":3,"column":0}},"3":{"start":{"line":4,"column":0},"end":{"line":4,"column":17}},"4":{"start":{"line":5,"column":0},"end":{"line":5,"column":20}},"5":{"start":{"line":6,"column":0},"end":{"line":6,"column":21}},"6":{"start":{"line":7,"column":0},"end":{"line":7,"column":22}},"7":{"start":{"line":8,"column":0},"end":{"line":8,"column":2}},"8":{"start":{"line":9,"column":0},"end":{"line":9,"column":0}},"9":{"start":{"line":10,"column":0},"end":{"line":10,"column":62}},"10":{"start":{"line":11,"column":0},"end":{"line":11,"column":0}},"11":{"start":{"line":12,"column":0},"end":{"line":12,"column":21}}},"s":{"0":1,"1":1,"2":1,"3":1,"4":1,"5":1,"6":1,"7":1,"8":1,"9":1,"10":1,"11":1},"branchMap":{"0":{"type":"branch","line":10,"loc":{"start":{"line":10,"column":14},"end":{"line":10,"column":61}},"locations":[{"start":{"line":10,"column":14},"end":{"line":10,"column":61}}]}},"b":{"0":[6]},"fnMap":{"0":{"name":"parse","decl":{"start":{"line":10,"column":14},"end":{"line":10,"column":61}},"loc":{"start":{"line":10,"column":14},"end":{"line":10,"column":61}},"line":10}},"f":{"0":6}}
,"/home/lenakolupaeva/Документы/шарага/frontend-project-46/src/formatters/index.js": {"path":"/home/lenakolupaeva/Документы/шарага/frontend-project-46/src/formatters/index.js","all":false,"statementMap":{"0":{"start":{"line":1,"column":0},"end":{"line":1,"column":38}},"1":{"start":{"line":2,"column":0},"end":{"line":2,"column":35}},"2":{"start":{"line":3,"column":0},"end":{"line":3,"column":31}},"3":{"start":{"line":4,"column":0},"end":{"line":4,"column":29}},"4":{"start":{"line":5,"column":0},"end":{"line":5,"column":0}},"5":{"start":{"line":6,"column":0},"end":{"line":6,"column":20}},"6":{"start":{"line":7,"column":0},"end":{"line":7,"column":10}},"7":{"start":{"line":8,"column":0},"end":{"line":8,"column":8}},"8":{"start":{"line":9,"column":0},"end":{"line":9,"column":7}},"9":{"start":{"line":10,"column":0},"end":{"line":10,"column":2}},"10":{"start":{"line":11,"column":0},"end":{"line":11,"column":0}},"11":{"start":{"line":12,"column":0},"end":{"line":12,"column":59}},"12":{"start":{"line":13,"column":0},"end":{"line":13,"column":0}},"13":{"start":{"line":14,"column":0},"end":{"line":14,"column":25}}},"s":{"0":1,"1":1,"2":1,"3":1,"4":1,"5":1,"6":1,"7":1,"8":1,"9":1,"10":1,"11":1,"12":1,"13":1},"branchMap":{"0":{"type":"branch","line":12,"loc":{"start":{"line":12,"column":18},"end":{"line":12,"column":58}},"locations":[{"start":{"line":12,"column":18},"end":{"line":12,"column":58}}]}},"b":{"0":[3]},"fnMap":{"0":{"name":"formatter","decl":{"start":{"line":12,"column":18},"end":{"line":12,"column":58}},"loc":{"start":{"line":12,"column":18},"end":{"line":12,"column":58}},"line":12}},"f":{"0":3}}
,"/home/lenakolupaeva/Документы/шарага/frontend-project-46/src/formatters/json.js": {"path":"/home/lenakolupaeva/Документы/шарага/frontend-project-46/src/formatters/json.js","all":false,"statementMap":{"0":{"start":{"line":1,"column":0},"end":{"line":1,"column":56}},"1":{"start":{"line":2,"column":0},"end":{"line":2,"column":0}},"2":{"start":{"line":3,"column":0},"end":{"line":3,"column":20}}},"s":{"0":1,"1":1,"2":1},"branchMap":{},"b":{},"fnMap":{"0":{"name":"json","decl":{"start":{"line":1,"column":14},"end":{"line":1,"column":55}},"loc":{"start":{"line":1,"column":14},"end":{"line":1,"column":55}},"line":1}},"f":{"0":0}}
,"/home/lenakolupaeva/Документы/шарага/frontend-project-46/src/formatters/plain.js": {"path":"/home/lenakolupaeva/Документы/шарага/frontend-project-46/src/formatters/plain.js","all":false,"statementMap":{"0":{"start":{"line":1,"column":0},"end":{"line":1,"column":38}},"1":{"start":{"line":2,"column":0},"end":{"line":2,"column":30}},"2":{"start":{"line":3,"column":0},"end":{"line":3,"column":23}},"3":{"start":{"line":4,"column":0},"end":{"line":4,"column":0}},"4":{"start":{"line":5,"column":0},"end":{"line":5,"column":32}},"5":{"start":{"line":6,"column":0},"end":{"line":6,"column":31}},"6":{"start":{"line":7,"column":0},"end":{"line":7,"column":29}},"7":{"start":{"line":8,"column":0},"end":{"line":8,"column":3}},"8":{"start":{"line":9,"column":0},"end":{"line":9,"column":54}},"9":{"start":{"line":10,"column":0},"end":{"line":10,"column":22}},"10":{"start":{"line":11,"column":0},"end":{"line":11,"column":3}},"11":{"start":{"line":12,"column":0},"end":{"line":12,"column":22}},"12":{"start":{"line":13,"column":0},"end":{"line":13,"column":2}},"13":{"start":{"line":14,"column":0},"end":{"line":14,"column":0}},"14":{"start":{"line":15,"column":0},"end":{"line":15,"column":37}},"15":{"start":{"line":16,"column":0},"end":{"line":16,"column":34}},"16":{"start":{"line":17,"column":0},"end":{"line":17,"column":72}},"17":{"start":{"line":18,"column":0},"end":{"line":18,"column":24}},"18":{"start":{"line":19,"column":0},"end":{"line":19,"column":21}},"19":{"start":{"line":20,"column":0},"end":{"line":20,"column":85}},"20":{"start":{"line":21,"column":0},"end":{"line":21,"column":7}},"21":{"start":{"line":22,"column":0},"end":{"line":22,"column":23}},"22":{"start":{"line":23,"column":0},"end":{"line":23,"column":48}},"23":{"start":{"line":24,"column":0},"end":{"line":24,"column":7}},"24":{"start":{"line":25,"column":0},"end":{"line":25,"column":23}},"25":{"start":{"line":26,"column":0},"end":{"line":26,"column":117}},"26":{"start":{"line":27,"column":0},"end":{"line":27,"column":7}},"27":{"start":{"line":28,"column":0},"end":{"line":28,"column":22}},"28":{"start":{"line":29,"column":0},"end":{"line":29,"column":42}},"29":{"start":{"line":30,"column":0},"end":{"line":30,"column":7}},"30":{"start":{"line":31,"column":0},"end":{"line":31,"column":5}},"31":{"start":{"line":32,"column":0},"end":{"line":32,"column":4}},"32":{"start":{"line":33,"column":0},"end":{"line":33,"column":51}},"33":{"start":{"line":34,"column":0},"end":{"line":34,"column":42}},"34":{"start":{"line":35,"column":0},"end":{"line":35,"column":16}},"35":{"start":{"line":36,"column":0},"end":{"line":36,"column":2}},"36":{"start":{"line":37,"column":0},"end":{"line":37,"column":0}},"37":{"start":{"line":38,"column":0},"end":{"line":38,"column":21}}},"s":{"0":1,"1":1,"2":1,"3":1,"4":1,"5":13,"6":3,"7":3,"8":13,"9":3,"10":3,"11":7,"12":7,"13":1,"14":1,"15":5,"16":15,"17":15,"18":15,"19":5,"20":5,"21":15,"22":2,"23":2,"24":15,"25":4,"26":4,"27":15,"28":4,"29":4,"30":15,"31":5,"32":5,"33":5,"34":5,"35":5,"36":1,"37":1},"branchMap":{"0":{"type":"branch","line":5,"loc":{"start":{"line":5,"column":21},"end":{"line":13,"column":2}},"locations":[{"start":{"line":5,"column":21},"end":{"line":13,"column":2}}]},"1":{"type":"branch","line":6,"loc":{"start":{"line":6,"column":30},"end":{"line":8,"column":3}},"locations":[{"start":{"line":6,"column":30},"end":{"line":8,"column":3}}]},"2":{"type":"branch","line":8,"loc":{"start":{"line":8,"column":2},"end":{"line":9,"column":35}},"locations":[{"start":{"line":8,"column":2},"end":{"line":9,"column":35}}]},"3":{"type":"branch","line":9,"loc":{"start":{"line":9,"column":31},"end":{"line":9,"column":51}},"locations":[{"start":{"line":9,"column":31},"end":{"line":9,"column":51}}]},"4":{"type":"branch","line":9,"loc":{"start":{"line":9,"column":53},"end":{"line":11,"column":3}},"locations":[{"start":{"line":9,"column":53},"end":{"line":11,"column":3}}]},"5":{"type":"branch","line":11,"loc":{"start":{"line":11,"column":2},"end":{"line":13,"column":2}},"locations":[{"start":{"line":11,"column":2},"end":{"line":13,"column":2}}]},"6":{"type":"branch","line":15,"loc":{"start":{"line":15,"column":14},"end":{"line":36,"column":2}},"locations":[{"start":{"line":15,"column":14},"end":{"line":36,"column":2}}]},"7":{"type":"branch","line":16,"loc":{"start":{"line":16,"column":15},"end":{"line":32,"column":3}},"locations":[{"start":{"line":16,"column":15},"end":{"line":32,"column":3}}]},"8":{"type":"branch","line":17,"loc":{"start":{"line":17,"column":34},"end":{"line":17,"column":60}},"locations":[{"start":{"line":17,"column":34},"end":{"line":17,"column":60}}]},"9":{"type":"branch","line":17,"loc":{"start":{"line":17,"column":60},"end":{"line":17,"column":71}},"locations":[{"start":{"line":17,"column":60},"end":{"line":17,"column":71}}]},"10":{"type":"branch","line":19,"loc":{"start":{"line":19,"column":6},"end":{"line":21,"column":7}},"locations":[{"start":{"line":19,"column":6},"end":{"line":21,"column":7}}]},"11":{"type":"branch","line":22,"loc":{"start":{"line":22,"column":6},"end":{"line":24,"column":7}},"locations":[{"start":{"line":22,"column":6},"end":{"line":24,"column":7}}]},"12":{"type":"branch","line":25,"loc":{"start":{"line":25,"column":6},"end":{"line":27,"column":7}},"locations":[{"start":{"line":25,"column":6},"end":{"line":27,"column":7}}]},"13":{"type":"branch","line":28,"loc":{"start":{"line":28,"column":6},"end":{"line":30,"column":7}},"locations":[{"start":{"line":28,"column":6},"end":{"line":30,"column":7}}]},"14":{"type":"branch","line":33,"loc":{"start":{"line":33,"column":21},"end":{"line":33,"column":50}},"locations":[{"start":{"line":33,"column":21},"end":{"line":33,"column":50}}]},"15":{"type":"branch","line":34,"loc":{"start":{"line":34,"column":14},"end":{"line":34,"column":41}},"locations":[{"start":{"line":34,"column":14},"end":{"line":34,"column":41}}]}},"b":{"0":[13],"1":[3],"2":[10],"3":[8],"4":[3],"5":[7],"6":[5],"7":[15],"8":[11],"9":[4],"10":[5],"11":[2],"12":[4],"13":[4],"14":[18],"15":[15]},"fnMap":{"0":{"name":"formatValue","decl":{"start":{"line":5,"column":21},"end":{"line":13,"column":2}},"loc":{"start":{"line":5,"column":21},"end":{"line":13,"column":2}},"line":5},"1":{"name":"plain","decl":{"start":{"line":15,"column":14},"end":{"line":36,"column":2}},"loc":{"start":{"line":15,"column":14},"end":{"line":36,"column":2}},"line":15},"2":{"name":"iter","decl":{"start":{"line":16,"column":15},"end":{"line":32,"column":3}},"loc":{"start":{"line":16,"column":15},"end":{"line":32,"column":3}},"line":16}},"f":{"0":13,"1":5,"2":15}}
,"/home/lenakolupaeva/Документы/шарага/frontend-project-46/src/formatters/stylish.js": {"path":"/home/lenakolupaeva/Документы/шарага/frontend-project-46/src/formatters/stylish.js","all":false,"statementMap":{"0":{"start":{"line":1,"column":0},"end":{"line":1,"column":23}},"1":{"start":{"line":2,"column":0},"end":{"line":2,"column":0}},"2":{"start":{"line":3,"column":0},"end":{"line":3,"column":48}},"3":{"start":{"line":4,"column":0},"end":{"line":4,"column":23}},"4":{"start":{"line":5,"column":0},"end":{"line":5,"column":48}},"5":{"start":{"line":6,"column":0},"end":{"line":6,"column":68}},"6":{"start":{"line":7,"column":0},"end":{"line":7,"column":2}},"7":{"start":{"line":8,"column":0},"end":{"line":8,"column":0}},"8":{"start":{"line":9,"column":0},"end":{"line":9,"column":34}},"9":{"start":{"line":10,"column":0},"end":{"line":10,"column":53}},"10":{"start":{"line":11,"column":0},"end":{"line":11,"column":48}},"11":{"start":{"line":12,"column":0},"end":{"line":12,"column":2}},"12":{"start":{"line":13,"column":0},"end":{"line":13,"column":0}},"13":{"start":{"line":14,"column":0},"end":{"line":14,"column":38}},"14":{"start":{"line":15,"column":0},"end":{"line":15,"column":39}},"15":{"start":{"line":16,"column":0},"end":{"line":16,"column":37}},"16":{"start":{"line":17,"column":0},"end":{"line":17,"column":28}},"17":{"start":{"line":18,"column":0},"end":{"line":18,"column":36}},"18":{"start":{"line":19,"column":0},"end":{"line":19,"column":43}},"19":{"start":{"line":20,"column":0},"end":{"line":20,"column":7}},"20":{"start":{"line":21,"column":0},"end":{"line":21,"column":63}},"21":{"start":{"line":22,"column":0},"end":{"line":22,"column":6}},"22":{"start":{"line":23,"column":0},"end":{"line":23,"column":16}},"23":{"start":{"line":24,"column":0},"end":{"line":24,"column":34}},"24":{"start":{"line":25,"column":0},"end":{"line":25,"column":2}},"25":{"start":{"line":26,"column":0},"end":{"line":26,"column":0}},"26":{"start":{"line":27,"column":0},"end":{"line":27,"column":45}},"27":{"start":{"line":28,"column":0},"end":{"line":28,"column":31}},"28":{"start":{"line":29,"column":0},"end":{"line":29,"column":41}},"29":{"start":{"line":30,"column":0},"end":{"line":30,"column":3}},"30":{"start":{"line":31,"column":0},"end":{"line":31,"column":20}},"31":{"start":{"line":32,"column":0},"end":{"line":32,"column":2}},"32":{"start":{"line":33,"column":0},"end":{"line":33,"column":0}},"33":{"start":{"line":34,"column":0},"end":{"line":34,"column":37}},"34":{"start":{"line":35,"column":0},"end":{"line":35,"column":26}},"35":{"start":{"line":36,"column":0},"end":{"line":36,"column":24}},"36":{"start":{"line":37,"column":0},"end":{"line":37,"column":21}},"37":{"start":{"line":38,"column":0},"end":{"line":38,"column":46}},"38":{"start":{"line":39,"column":0},"end":{"line":39,"column":73}},"39":{"start":{"line":40,"column":0},"end":{"line":40,"column":7}},"40":{"start":{"line":41,"column":0},"end":{"line":41,"column":23}},"41":{"start":{"line":42,"column":0},"end":{"line":42,"column":46}},"42":{"start":{"line":43,"column":0},"end":{"line":43,"column":73}},"43":{"start":{"line":44,"column":0},"end":{"line":44,"column":7}},"44":{"start":{"line":45,"column":0},"end":{"line":45,"column":20}},"45":{"start":{"line":46,"column":0},"end":{"line":46,"column":41}},"46":{"start":{"line":47,"column":0},"end":{"line":47,"column":73}},"47":{"start":{"line":48,"column":0},"end":{"line":48,"column":7}},"48":{"start":{"line":49,"column":0},"end":{"line":49,"column":23}},"49":{"start":{"line":50,"column":0},"end":{"line":50,"column":53}},"50":{"start":{"line":51,"column":0},"end":{"line":51,"column":51}},"51":{"start":{"line":52,"column":0},"end":{"line":52,"column":16}},"52":{"start":{"line":53,"column":0},"end":{"line":53,"column":78}},"53":{"start":{"line":54,"column":0},"end":{"line":54,"column":76}},"54":{"start":{"line":55,"column":0},"end":{"line":55,"column":10}},"55":{"start":{"line":56,"column":0},"end":{"line":56,"column":7}},"56":{"start":{"line":57,"column":0},"end":{"line":57,"column":16}},"57":{"start":{"line":58,"column":0},"end":{"line":58,"column":41}},"58":{"start":{"line":59,"column":0},"end":{"line":59,"column":59}},"59":{"start":{"line":60,"column":0},"end":{"line":60,"column":51}},"60":{"start":{"line":61,"column":0},"end":{"line":61,"column":7}},"61":{"start":{"line":62,"column":0},"end":{"line":62,"column":5}},"62":{"start":{"line":63,"column":0},"end":{"line":63,"column":4}},"63":{"start":{"line":64,"column":0},"end":{"line":64,"column":0}},"64":{"start":{"line":65,"column":0},"end":{"line":65,"column":18}},"65":{"start":{"line":66,"column":0},"end":{"line":66,"column":34}},"66":{"start":{"line":67,"column":0},"end":{"line":67,"column":16}},"67":{"start":{"line":68,"column":0},"end":{"line":68,"column":30}},"68":{"start":{"line":69,"column":0},"end":{"line":69,"column":2}},"69":{"start":{"line":70,"column":0},"end":{"line":70,"column":0}},"70":{"start":{"line":71,"column":0},"end":{"line":71,"column":23}}},"s":{"0":1,"1":1,"2":1,"3":82,"4":82,"5":82,"6":82,"7":1,"8":1,"9":24,"10":24,"11":24,"12":1,"13":1,"14":14,"15":14,"16":14,"17":18,"18":12,"19":12,"20":6,"21":14,"22":14,"23":14,"24":14,"25":1,"26":1,"27":36,"28":8,"29":8,"30":28,"31":28,"32":1,"33":1,"34":10,"35":36,"36":36,"37":10,"38":10,"39":10,"40":36,"41":4,"42":4,"43":4,"44":36,"45":6,"46":6,"47":6,"48":36,"49":8,"50":8,"51":8,"52":8,"53":8,"54":8,"55":8,"56":36,"57":8,"58":8,"59":8,"60":8,"61":36,"62":10,"63":10,"64":10,"65":10,"66":10,"67":10,"68":10,"69":1,"70":1},"branchMap":{"0":{"type":"branch","line":3,"loc":{"start":{"line":3,"column":19},"end":{"line":7,"column":2}},"locations":[{"start":{"line":3,"column":19},"end":{"line":7,"column":2}}]},"1":{"type":"branch","line":6,"loc":{"start":{"line":6,"column":27},"end":{"line":6,"column":36}},"locations":[{"start":{"line":6,"column":27},"end":{"line":6,"column":36}}]},"2":{"type":"branch","line":6,"loc":{"start":{"line":6,"column":36},"end":{"line":6,"column":67}},"locations":[{"start":{"line":6,"column":36},"end":{"line":6,"column":67}}]},"3":{"type":"branch","line":9,"loc":{"start":{"line":9,"column":16},"end":{"line":12,"column":2}},"locations":[{"start":{"line":9,"column":16},"end":{"line":12,"column":2}}]},"4":{"type":"branch","line":14,"loc":{"start":{"line":14,"column":18},"end":{"line":25,"column":2}},"locations":[{"start":{"line":14,"column":18},"end":{"line":25,"column":2}}]},"5":{"type":"branch","line":17,"loc":{"start":{"line":17,"column":9},"end":{"line":22,"column":5}},"locations":[{"start":{"line":17,"column":9},"end":{"line":22,"column":5}}]},"6":{"type":"branch","line":18,"loc":{"start":{"line":18,"column":35},"end":{"line":20,"column":7}},"locations":[{"start":{"line":18,"column":35},"end":{"line":20,"column":7}}]},"7":{"type":"branch","line":20,"loc":{"start":{"line":20,"column":6},"end":{"line":22,"column":5}},"locations":[{"start":{"line":20,"column":6},"end":{"line":22,"column":5}}]},"8":{"type":"branch","line":27,"loc":{"start":{"line":27,"column":20},"end":{"line":32,"column":2}},"locations":[{"start":{"line":27,"column":20},"end":{"line":32,"column":2}}]},"9":{"type":"branch","line":28,"loc":{"start":{"line":28,"column":30},"end":{"line":30,"column":3}},"locations":[{"start":{"line":28,"column":30},"end":{"line":30,"column":3}}]},"10":{"type":"branch","line":30,"loc":{"start":{"line":30,"column":2},"end":{"line":32,"column":2}},"locations":[{"start":{"line":30,"column":2},"end":{"line":32,"column":2}}]},"11":{"type":"branch","line":34,"loc":{"start":{"line":34,"column":16},"end":{"line":69,"column":2}},"locations":[{"start":{"line":34,"column":16},"end":{"line":69,"column":2}}]},"12":{"type":"branch","line":35,"loc":{"start":{"line":35,"column":16},"end":{"line":63,"column":3}},"locations":[{"start":{"line":35,"column":16},"end":{"line":63,"column":3}}]},"13":{"type":"branch","line":37,"loc":{"start":{"line":37,"column":6},"end":{"line":40,"column":7}},"locations":[{"start":{"line":37,"column":6},"end":{"line":40,"column":7}}]},"14":{"type":"branch","line":41,"loc":{"start":{"line":41,"column":6},"end":{"line":44,"column":7}},"locations":[{"start":{"line":41,"column":6},"end":{"line":44,"column":7}}]},"15":{"type":"branch","line":45,"loc":{"start":{"line":45,"column":6},"end":{"line":48,"column":7}},"locations":[{"start":{"line":45,"column":6},"end":{"line":48,"column":7}}]},"16":{"type":"branch","line":49,"loc":{"start":{"line":49,"column":6},"end":{"line":56,"column":7}},"locations":[{"start":{"line":49,"column":6},"end":{"line":56,"column":7}}]},"17":{"type":"branch","line":57,"loc":{"start":{"line":57,"column":6},"end":{"line":61,"column":7}},"locations":[{"start":{"line":57,"column":6},"end":{"line":61,"column":7}}]},"18":{"type":"branch","line":66,"loc":{"start":{"line":66,"column":14},"end":{"line":66,"column":33}},"locations":[{"start":{"line":66,"column":14},"end":{"line":66,"column":33}}]}},"b":{"0":[82],"1":[52],"2":[30],"3":[24],"4":[14],"5":[18],"6":[12],"7":[6],"8":[36],"9":[8],"10":[28],"11":[10],"12":[36],"13":[10],"14":[4],"15":[6],"16":[8],"17":[8],"18":[36]},"fnMap":{"0":{"name":"makeIndent","decl":{"start":{"line":3,"column":19},"end":{"line":7,"column":2}},"loc":{"start":{"line":3,"column":19},"end":{"line":7,"column":2}},"line":3},"1":{"name":"wrapper","decl":{"start":{"line":9,"column":16},"end":{"line":12,"column":2}},"loc":{"start":{"line":9,"column":16},"end":{"line":12,"column":2}},"line":9},"2":{"name":"formatter","decl":{"start":{"line":14,"column":18},"end":{"line":25,"column":2}},"loc":{"start":{"line":14,"column":18},"end":{"line":25,"column":2}},"line":14},"3":{"name":"formatValue","decl":{"start":{"line":27,"column":20},"end":{"line":32,"column":2}},"loc":{"start":{"line":27,"column":20},"end":{"line":32,"column":2}},"line":27},"4":{"name":"stylish","decl":{"start":{"line":34,"column":16},"end":{"line":69,"column":2}},"loc":{"start":{"line":34,"column":16},"end":{"line":69,"column":2}},"line":34},"5":{"name":"iter","decl":{"start":{"line":35,"column":16},"end":{"line":63,"column":3}},"loc":{"start":{"line":35,"column":16},"end":{"line":63,"column":3}},"line":35}},"f":{"0":82,"1":24,"2":14,"3":36,"4":10,"5":36}}
}
