TN:
SF:src/index.js
FN:5,(anonymous_0)
FN:7,(anonymous_1)
FN:11,(anonymous_2)
FN:25,(anonymous_3)
FNF:4
FNH:4
FNDA:2,(anonymous_0)
FNDA:1,(anonymous_1)
FNDA:5,(anonymous_2)
FNDA:5,(anonymous_3)
DA:5,2
DA:7,1
DA:8,1
DA:9,1
DA:10,1
DA:12,5
DA:13,2
DA:15,3
DA:16,1
DA:18,2
DA:19,1
DA:23,1
DA:25,1
DA:26,5
DA:28,2
DA:30,1
DA:32,1
DA:34,1
DA:37,1
LF:19
LH:19
BRDA:12,0,0,2
BRDA:12,0,1,3
BRDA:12,1,0,5
BRDA:12,1,1,4
BRDA:15,2,0,1
BRDA:15,2,1,2
BRDA:15,3,0,3
BRDA:15,3,1,1
BRDA:18,4,0,1
BRDA:18,4,1,1
BRDA:26,5,0,2
BRDA:26,5,1,1
BRDA:26,5,2,1
BRDA:26,5,3,1
BRF:14
BRH:14
end_of_record
