TN:
SF:src/buildAST.js
FN:5,buildTree
FNF:1
FNH:1
FNDA:15,buildTree
DA:1,1
DA:2,1
DA:3,1
DA:4,1
DA:5,1
DA:6,15
DA:7,15
DA:8,15
DA:9,15
DA:10,15
DA:11,15
DA:12,15
DA:13,15
DA:14,54
DA:15,12
DA:16,12
DA:17,12
DA:18,12
DA:19,12
DA:20,54
DA:21,6
DA:22,6
DA:23,54
DA:24,15
DA:25,15
DA:26,54
DA:27,9
DA:28,9
DA:29,9
DA:30,9
DA:31,54
DA:32,12
DA:33,12
DA:34,12
DA:35,12
DA:36,15
DA:37,15
DA:38,15
DA:39,1
DA:40,1
LF:40
LH:40
BRDA:5,0,0,15
BRDA:13,1,0,54
BRDA:14,2,0,18
BRDA:14,3,0,12
BRDA:19,4,0,42
BRDA:20,5,0,6
BRDA:22,6,0,36
BRDA:23,7,0,15
BRDA:25,8,0,21
BRDA:26,9,0,21
BRDA:26,10,0,9
BRDA:30,11,0,12
BRDA:31,12,0,12
BRF:13
BRH:13
end_of_record
TN:
SF:src/index.js
FN:8,getFormat
FN:14,getFileData
FN:21,gendiff
FNF:3
FNH:3
FNDA:6,getFormat
FNDA:6,getFileData
FNDA:3,gendiff
DA:1,1
DA:2,1
DA:3,1
DA:4,1
DA:5,1
DA:6,1
DA:7,1
DA:8,1
DA:9,6
DA:10,6
DA:11,6
DA:12,6
DA:13,1
DA:14,1
DA:15,6
DA:16,6
DA:17,6
DA:18,6
DA:19,6
DA:20,1
DA:21,1
DA:22,3
DA:23,3
DA:24,3
DA:25,3
DA:26,1
DA:27,1
LF:27
LH:27
BRDA:8,0,0,6
BRDA:14,1,0,6
BRDA:21,2,0,3
BRF:3
BRH:3
end_of_record
TN:
SF:src/parsers.js
FN:10,parse
FNF:1
FNH:1
FNDA:6,parse
DA:1,1
DA:2,1
DA:3,1
DA:4,1
DA:5,1
DA:6,1
DA:7,1
DA:8,1
DA:9,1
DA:10,1
DA:11,1
DA:12,1
LF:12
LH:12
BRDA:10,0,0,6
BRF:1
BRH:1
end_of_record
TN:
SF:src/formatters/index.js
FN:12,formatter
FNF:1
FNH:1
FNDA:3,formatter
DA:1,1
DA:2,1
DA:3,1
DA:4,1
DA:5,1
DA:6,1
DA:7,1
DA:8,1
DA:9,1
DA:10,1
DA:11,1
DA:12,1
DA:13,1
DA:14,1
LF:14
LH:14
BRDA:12,0,0,3
BRF:1
BRH:1
end_of_record
TN:
SF:src/formatters/json.js
FN:1,json
FNF:1
FNH:0
FNDA:0,json
DA:1,1
DA:2,1
DA:3,1
LF:3
LH:3
BRF:0
BRH:0
end_of_record
TN:
SF:src/formatters/plain.js
FN:5,formatValue
FN:15,plain
FN:16,iter
FNF:3
FNH:3
FNDA:13,formatValue
FNDA:5,plain
FNDA:15,iter
DA:1,1
DA:2,1
DA:3,1
DA:4,1
DA:5,1
DA:6,13
DA:7,3
DA:8,3
DA:9,13
DA:10,3
DA:11,3
DA:12,7
DA:13,7
DA:14,1
DA:15,1
DA:16,5
DA:17,15
DA:18,15
DA:19,15
DA:20,5
DA:21,5
DA:22,15
DA:23,2
DA:24,2
DA:25,15
DA:26,4
DA:27,4
DA:28,15
DA:29,4
DA:30,4
DA:31,15
DA:32,5
DA:33,5
DA:34,5
DA:35,5
DA:36,5
DA:37,1
DA:38,1
LF:38
LH:38
BRDA:5,0,0,13
BRDA:6,1,0,3
BRDA:8,2,0,10
BRDA:9,3,0,8
BRDA:9,4,0,3
BRDA:11,5,0,7
BRDA:15,6,0,5
BRDA:16,7,0,15
BRDA:17,8,0,11
BRDA:17,9,0,4
BRDA:19,10,0,5
BRDA:22,11,0,2
BRDA:25,12,0,4
BRDA:28,13,0,4
BRDA:33,14,0,18
BRDA:34,15,0,15
BRF:16
BRH:16
end_of_record
TN:
SF:src/formatters/stylish.js
FN:3,makeIndent
FN:9,wrapper
FN:14,formatter
FN:27,formatValue
FN:34,stylish
FN:35,iter
FNF:6
FNH:6
FNDA:82,makeIndent
FNDA:24,wrapper
FNDA:14,formatter
FNDA:36,formatValue
FNDA:10,stylish
FNDA:36,iter
DA:1,1
DA:2,1
DA:3,1
DA:4,82
DA:5,82
DA:6,82
DA:7,82
DA:8,1
DA:9,1
DA:10,24
DA:11,24
DA:12,24
DA:13,1
DA:14,1
DA:15,14
DA:16,14
DA:17,14
DA:18,18
DA:19,12
DA:20,12
DA:21,6
DA:22,14
DA:23,14
DA:24,14
DA:25,14
DA:26,1
DA:27,1
DA:28,36
DA:29,8
DA:30,8
DA:31,28
DA:32,28
DA:33,1
DA:34,1
DA:35,10
DA:36,36
DA:37,36
DA:38,10
DA:39,10
DA:40,10
DA:41,36
DA:42,4
DA:43,4
DA:44,4
DA:45,36
DA:46,6
DA:47,6
DA:48,6
DA:49,36
DA:50,8
DA:51,8
DA:52,8
DA:53,8
DA:54,8
DA:55,8
DA:56,8
DA:57,36
DA:58,8
DA:59,8
DA:60,8
DA:61,8
DA:62,36
DA:63,10
DA:64,10
DA:65,10
DA:66,10
DA:67,10
DA:68,10
DA:69,10
DA:70,1
DA:71,1
LF:71
LH:71
BRDA:3,0,0,82
BRDA:6,1,0,52
BRDA:6,2,0,30
BRDA:9,3,0,24
BRDA:14,4,0,14
BRDA:17,5,0,18
BRDA:18,6,0,12
BRDA:20,7,0,6
BRDA:27,8,0,36
BRDA:28,9,0,8
BRDA:30,10,0,28
BRDA:34,11,0,10
BRDA:35,12,0,36
BRDA:37,13,0,10
BRDA:41,14,0,4
BRDA:45,15,0,6
BRDA:49,16,0,8
BRDA:57,17,0,8
BRDA:66,18,0,36
BRF:19
BRH:19
end_of_record
